<?xml version="1.0" encoding="UTF-8"?>
<!-- Generated by org.testng.reporters.JUnitXMLReporter -->
<testsuite hostname="Dellpc" ignored="0" name="Test" tests="6" failures="0" timestamp="19 Oct 2021 11:18:21 GMT" time="0.103" errors="0">
  <testcase name="createContactTest" time="0.028" classname="com.crm.contacttest.ContactTest"/>
  <testcase name="editContactTest" time="0.003" classname="com.crm.contacttest.ContactTest"/>
  <testcase name="editTest" time="0.002" classname="com.crm.contacttest.SampleTest"/>
  <testcase name="sampleTest" time="0.002" classname="com.crm.contacttest.SampleTest"/>
  <testcase name="createOrgTest" time="0.002" classname="com.crm.orgtest.OrgTest"/>
  <testcase name="editOrgTest" time="0.002" classname="com.crm.orgtest.OrgTest"/>
</testsuite> <!-- Test -->
