<?xml version="1.0" encoding="UTF-8"?>
<testng-results skipped="0" failed="0" ignored="0" total="2" passed="2">
  <reporter-output>
  </reporter-output>
  <suite name="Default suite" duration-ms="196" started-at="2021-10-19T16:44:07Z" finished-at="2021-10-19T16:44:07Z">
    <groups>
    </groups>
    <test name="Default test" duration-ms="196" started-at="2021-10-19T16:44:07Z" finished-at="2021-10-19T16:44:07Z">
      <class name="com.crm.contacttest.ContactTest">
        <test-method status="PASS" signature="createContactTest()[pri:0, instance:com.crm.contacttest.ContactTest@1f3ddb1]" name="createContactTest" duration-ms="58" started-at="2021-10-19T16:44:07Z" finished-at="2021-10-19T16:44:07Z">
          <reporter-output>
          </reporter-output>
        </test-method> <!-- createContactTest -->
        <test-method status="PASS" signature="editContactTest()[pri:0, instance:com.crm.contacttest.ContactTest@1f3ddb1]" name="editContactTest" duration-ms="3" started-at="2021-10-19T16:44:07Z" finished-at="2021-10-19T16:44:07Z">
          <reporter-output>
          </reporter-output>
        </test-method> <!-- editContactTest -->
      </class> <!-- com.crm.contacttest.ContactTest -->
    </test> <!-- Default test -->
  </suite> <!-- Default suite -->
</testng-results>
